<?xml version="1.0" encoding="UTF-8"?>
<!-- Generated by org.testng.reporters.JUnitXMLReporter -->
<testsuite ignored="0" hostname="DESKTOP-LRFGOJA" failures="0" tests="4" name="Default test" time="54.04" errors="0" timestamp="2021-10-08T19:32:45 ICT">
  <testcase classname="bridalmiiduu.test.OrderProductSuccessfullyTest" name="orderProductsSuccessfully" time="6.421"/>
  <testcase classname="bridalmiiduu.test.OrderProductSuccessfullyTest" name="orderProductsSuccessfully" time="3.35"/>
  <testcase classname="bridalmiiduu.test.OrderProductSuccessfullyTest" name="orderProductsSuccessfully" time="7.061"/>
  <testcase classname="bridalmiiduu.test.OrderProductSuccessfullyTest" name="orderProductsSuccessfully" time="6.487"/>
</testsuite> <!-- Default test -->
